<?xml version="1.0" encoding="UTF-8"?>
<!-- Generated by org.testng.reporters.JUnitReportReporter -->
<testsuite hostname="DESKTOP-HBHFOKL" failures="0" tests="1" name="com.project.testCases.Test1" time="0.003" errors="0" timestamp="2022-06-22T12:05:12 CEST" skipped="0">
  <testcase classname="com.project.testCases.Test1" name="test_1" time="0.003"/>
  <system-out/>
</testsuite> <!-- com.project.testCases.Test1 -->
