<?xml version="1.0" encoding="UTF-8"?>
<!-- Generated by org.testng.reporters.JUnitReportReporter -->
<testsuite hostname="DESKTOP-HBHFOKL" failures="0" tests="2" name="com.project.testCases.Test1" time="0.000" errors="0" timestamp="2022-06-22T13:48:06 CEST" skipped="0">
  <testcase classname="com.project.testCases.Test1" name="test_1" time="0.000"/>
  <system-out/>
  <testcase classname="com.project.testCases.Test1" name="test_2" time="0.000"/>
  <system-out/>
</testsuite> <!-- com.project.testCases.Test1 -->
